c:\users\gabs\desktop\gamesprog\gamesprog\debug\vc120.pdb
c:\users\gabs\desktop\gamesprog\gamesprog\debug\vc120.idb
c:\users\gabs\desktop\gamesprog\gamesprog\debug\errors.obj
c:\users\gabs\desktop\gamesprog\gamesprog\debug\iomanager.obj
c:\users\gabs\desktop\gamesprog\gamesprog\debug\picopng.obj
c:\users\gabs\desktop\gamesprog\gamesprog\debug\maingame.obj
c:\users\gabs\desktop\gamesprog\gamesprog\debug\glslprogram.obj
c:\users\gabs\desktop\gamesprog\gamesprog\debug\imageloader.obj
c:\users\gabs\desktop\gamesprog\gamesprog\debug\camera.obj
c:\users\gabs\desktop\gamesprog\gamesprog\debug\sprite.obj
c:\users\gabs\desktop\gamesprog\gamesprog\debug\main.obj
c:\users\gabs\desktop\gamesprog\debug\gamesprog.ilk
c:\users\gabs\desktop\gamesprog\debug\gamesprog.exe
c:\users\gabs\desktop\gamesprog\debug\gamesprog.pdb
c:\users\gabs\desktop\gamesprog\gamesprog\debug\gamesprog.tlog\cl.command.1.tlog
c:\users\gabs\desktop\gamesprog\gamesprog\debug\gamesprog.tlog\cl.read.1.tlog
c:\users\gabs\desktop\gamesprog\gamesprog\debug\gamesprog.tlog\cl.write.1.tlog
c:\users\gabs\desktop\gamesprog\gamesprog\debug\gamesprog.tlog\link.command.1.tlog
c:\users\gabs\desktop\gamesprog\gamesprog\debug\gamesprog.tlog\link.read.1.tlog
c:\users\gabs\desktop\gamesprog\gamesprog\debug\gamesprog.tlog\link.write.1.tlog
