c:\users\nathans\documents\github\uniwork\gamesprogramming\gamesprogramming\debug\vc120.pdb
c:\users\nathans\documents\github\uniwork\gamesprogramming\gamesprogramming\debug\vc120.idb
c:\users\nathans\documents\github\uniwork\gamesprogramming\gamesprogramming\debug\camera.obj
c:\users\nathans\documents\github\uniwork\gamesprogramming\gamesprogramming\debug\errors.obj
c:\users\nathans\documents\github\uniwork\gamesprogramming\gamesprogramming\debug\glslprogram.obj
c:\users\nathans\documents\github\uniwork\gamesprogramming\gamesprogramming\debug\imageloader.obj
c:\users\nathans\documents\github\uniwork\gamesprogramming\gamesprogramming\debug\iomanager.obj
c:\users\nathans\documents\github\uniwork\gamesprogramming\gamesprogramming\debug\main.obj
c:\users\nathans\documents\github\uniwork\gamesprogramming\gamesprogramming\debug\maingame.obj
c:\users\nathans\documents\github\uniwork\gamesprogramming\gamesprogramming\debug\picopng.obj
c:\users\nathans\documents\github\uniwork\gamesprogramming\gamesprogramming\debug\sprite.obj
c:\users\nathans\documents\github\uniwork\gamesprogramming\debug\gamesprogramming.ilk
c:\users\nathans\documents\github\uniwork\gamesprogramming\debug\gamesprogramming.exe
c:\users\nathans\documents\github\uniwork\gamesprogramming\debug\gamesprogramming.pdb
c:\users\nathans\documents\github\uniwork\gamesprogramming\gamesprogramming\debug\gamesprogramming.tlog\cl.command.1.tlog
c:\users\nathans\documents\github\uniwork\gamesprogramming\gamesprogramming\debug\gamesprogramming.tlog\cl.read.1.tlog
c:\users\nathans\documents\github\uniwork\gamesprogramming\gamesprogramming\debug\gamesprogramming.tlog\cl.write.1.tlog
c:\users\nathans\documents\github\uniwork\gamesprogramming\gamesprogramming\debug\gamesprogramming.tlog\link.command.1.tlog
c:\users\nathans\documents\github\uniwork\gamesprogramming\gamesprogramming\debug\gamesprogramming.tlog\link.read.1.tlog
c:\users\nathans\documents\github\uniwork\gamesprogramming\gamesprogramming\debug\gamesprogramming.tlog\link.write.1.tlog
