  mainProject.cpp
c:\users\gabs\desktop\13420435 gabrielle watson - gea\part b\gameengine2\gameengine2\mainproject.cpp(174): warning C4018: '<': signed/unsigned mismatch
c:\users\gabs\desktop\13420435 gabrielle watson - gea\part b\gameengine2\gameengine2\mainproject.cpp(320): warning C4316: 'Sprite': object allocated on the heap may not be aligned 16
c:\users\gabs\desktop\13420435 gabrielle watson - gea\part b\gameengine2\gameengine2\mainproject.cpp(321): warning C4244: 'argument': conversion from 'int' to 'float', possible loss of data
c:\users\gabs\desktop\13420435 gabrielle watson - gea\part b\gameengine2\gameengine2\mainproject.cpp(329): warning C4316: 'Sprite': object allocated on the heap may not be aligned 16
c:\users\gabs\desktop\13420435 gabrielle watson - gea\part b\gameengine2\gameengine2\mainproject.cpp(330): warning C4244: 'argument': conversion from 'int' to 'float', possible loss of data
c:\users\gabs\desktop\13420435 gabrielle watson - gea\part b\gameengine2\gameengine2\mainproject.cpp(338): warning C4316: 'Sprite': object allocated on the heap may not be aligned 16
c:\users\gabs\desktop\13420435 gabrielle watson - gea\part b\gameengine2\gameengine2\mainproject.cpp(339): warning C4244: 'argument': conversion from 'int' to 'float', possible loss of data
c:\users\gabs\desktop\13420435 gabrielle watson - gea\part b\gameengine2\gameengine2\mainproject.cpp(347): warning C4316: 'Sprite': object allocated on the heap may not be aligned 16
c:\users\gabs\desktop\13420435 gabrielle watson - gea\part b\gameengine2\gameengine2\mainproject.cpp(348): warning C4244: 'argument': conversion from 'int' to 'float', possible loss of data
c:\users\gabs\desktop\13420435 gabrielle watson - gea\part b\gameengine2\gameengine2\mainproject.cpp(361): warning C4244: 'initializing': conversion from 'int' to 'float', possible loss of data
c:\users\gabs\desktop\13420435 gabrielle watson - gea\part b\gameengine2\gameengine2\mainproject.cpp(366): warning C4316: 'Sprite': object allocated on the heap may not be aligned 16
c:\users\gabs\desktop\13420435 gabrielle watson - gea\part b\gameengine2\gameengine2\mainproject.cpp(369): warning C4244: 'argument': conversion from 'int' to 'float', possible loss of data
c:\users\gabs\desktop\13420435 gabrielle watson - gea\part b\gameengine2\gameengine2\mainproject.cpp(372): warning C4244: 'argument': conversion from 'int' to 'float', possible loss of data
c:\users\gabs\desktop\13420435 gabrielle watson - gea\part b\gameengine2\gameengine2\mainproject.cpp(375): warning C4244: 'argument': conversion from 'int' to 'float', possible loss of data
c:\users\gabs\desktop\13420435 gabrielle watson - gea\part b\gameengine2\gameengine2\mainproject.cpp(378): warning C4244: 'argument': conversion from 'int' to 'float', possible loss of data
c:\users\gabs\desktop\13420435 gabrielle watson - gea\part b\gameengine2\gameengine2\mainproject.cpp(381): warning C4244: 'argument': conversion from 'int' to 'float', possible loss of data
c:\users\gabs\desktop\13420435 gabrielle watson - gea\part b\gameengine2\gameengine2\mainproject.cpp(384): warning C4244: 'argument': conversion from 'int' to 'float', possible loss of data
c:\users\gabs\desktop\13420435 gabrielle watson - gea\part b\gameengine2\gameengine2\mainproject.cpp(777): warning C4018: '<': signed/unsigned mismatch
c:\users\gabs\desktop\13420435 gabrielle watson - gea\part b\gameengine2\gameengine2\mainproject.cpp(783): warning C4018: '<': signed/unsigned mismatch
  GameEngine2.vcxproj -> C:\Users\Gabs\Desktop\13420435 Gabrielle Watson - GEA\Part B\GameEngine2\Debug\GameEngine2.exe
