c:\users\gabs\desktop\13420435 gabrielle watson - gea\part b\gameengine2\gameengine2\debug\vc140.pdb
c:\users\gabs\desktop\13420435 gabrielle watson - gea\part b\gameengine2\gameengine2\debug\vc140.idb
c:\users\gabs\desktop\13420435 gabrielle watson - gea\part b\gameengine2\gameengine2\debug\camera.obj
c:\users\gabs\desktop\13420435 gabrielle watson - gea\part b\gameengine2\gameengine2\debug\dataarray.obj
c:\users\gabs\desktop\13420435 gabrielle watson - gea\part b\gameengine2\gameengine2\debug\glslprogram.obj
c:\users\gabs\desktop\13420435 gabrielle watson - gea\part b\gameengine2\gameengine2\debug\imageloader.obj
c:\users\gabs\desktop\13420435 gabrielle watson - gea\part b\gameengine2\gameengine2\debug\iomanager.obj
c:\users\gabs\desktop\13420435 gabrielle watson - gea\part b\gameengine2\gameengine2\debug\main.obj
c:\users\gabs\desktop\13420435 gabrielle watson - gea\part b\gameengine2\gameengine2\debug\mainproject.obj
c:\users\gabs\desktop\13420435 gabrielle watson - gea\part b\gameengine2\gameengine2\debug\picopng.obj
c:\users\gabs\desktop\13420435 gabrielle watson - gea\part b\gameengine2\gameengine2\debug\sprite.obj
c:\users\gabs\desktop\13420435 gabrielle watson - gea\part b\gameengine2\debug\gameengine2.ilk
c:\users\gabs\desktop\13420435 gabrielle watson - gea\part b\gameengine2\debug\gameengine2.exe
c:\users\gabs\desktop\13420435 gabrielle watson - gea\part b\gameengine2\debug\gameengine2.pdb
c:\users\gabs\desktop\13420435 gabrielle watson - gea\part b\gameengine2\gameengine2\debug\gameengine2.tlog\cl.command.1.tlog
c:\users\gabs\desktop\13420435 gabrielle watson - gea\part b\gameengine2\gameengine2\debug\gameengine2.tlog\cl.read.1.tlog
c:\users\gabs\desktop\13420435 gabrielle watson - gea\part b\gameengine2\gameengine2\debug\gameengine2.tlog\cl.write.1.tlog
c:\users\gabs\desktop\13420435 gabrielle watson - gea\part b\gameengine2\gameengine2\debug\gameengine2.tlog\link.command.1.tlog
c:\users\gabs\desktop\13420435 gabrielle watson - gea\part b\gameengine2\gameengine2\debug\gameengine2.tlog\link.read.1.tlog
c:\users\gabs\desktop\13420435 gabrielle watson - gea\part b\gameengine2\gameengine2\debug\gameengine2.tlog\link.write.1.tlog
