Build started 27/11/2015 12:05:32.
     1>Project "C:\Users\gabri\Documents\Visual Studio 2015\Projects\Project1\Project1\Project1.vcxproj" on node 2 (Build target(s)).
     1>ClCompile:
         C:\Program Files (x86)\Microsoft Visual Studio 14.0\VC\bin\CL.exe /c /Zi /nologo /W3 /WX- /sdl /O2 /Oi /Oy- /GL /D _MBCS /Gm- /EHsc /MD /GS /Gy /fp:precise /Zc:wchar_t /Zc:forScope /Zc:inline /Fo"Release\\" /Fd"Release\vc140.pdb" /Gd /TC /analyze- /errorReport:prompt altlog.c
         altlog.c
     1>altlog.c(15): warning C4013: 'malloc' undefined; assuming extern returning int
     1>altlog.c(15): warning C4047: '=': 'indivLog *' differs in levels of indirection from 'int'
     1>altlog.c(16): warning C4013: 'strcpy_s' undefined; assuming extern returning int
     1>altlog.c(31): warning C4013: 'free' undefined; assuming extern returning int
     1>altlog.c(48): warning C4047: '=': 'indivLog *' differs in levels of indirection from 'int'
     1>altlog.c(90): warning C4013: 'time' undefined; assuming extern returning int
     1>altlog.c(91): warning C4013: 'localtime' undefined; assuming extern returning int
     1>altlog.c(91): warning C4047: '=': 'tm *' differs in levels of indirection from 'int'
     1>altlog.c(92): warning C4013: 'asctime' undefined; assuming extern returning int
     1>altlog.c(151): warning C4047: '=': 'tm *' differs in levels of indirection from 'int'
     1>altlog.c(92): warning C4477: 'printf' : format string '%s' requires an argument of type 'char *', but variadic argument 1 has type 'int'
     1>altlog.c(152): warning C4477: 'fprintf' : format string '%s' requires an argument of type 'char *', but variadic argument 1 has type 'int'
       Link:
         C:\Program Files (x86)\Microsoft Visual Studio 14.0\VC\bin\link.exe /ERRORREPORT:PROMPT /OUT:"C:\Users\gabri\Documents\Visual Studio 2015\Projects\Project1\Release\Project1.exe" /NOLOGO kernel32.lib user32.lib gdi32.lib winspool.lib comdlg32.lib advapi32.lib shell32.lib ole32.lib oleaut32.lib uuid.lib odbc32.lib odbccp32.lib /MANIFEST /MANIFESTUAC:"level='asInvoker' uiAccess='false'" /manifest:embed /Debug /PDB:"C:\Users\gabri\Documents\Visual Studio 2015\Projects\Project1\Release\Project1.pdb" /OPT:REF /OPT:ICF /LTCG:incremental /TLBID:1 /DYNAMICBASE /NXCOMPAT /IMPLIB:"C:\Users\gabri\Documents\Visual Studio 2015\Projects\Project1\Release\Project1.lib" /MACHINE:X86 /SAFESEH Release\altlog.obj
         Release\main.obj
         Generating code
         2 of 10 functions (20.0%) were compiled, the rest were copied from previous compilation.
           0 functions were new in current compilation
           0 functions had inline decision re-evaluated but remain unchanged
         Finished generating code
         Project1.vcxproj -> C:\Users\gabri\Documents\Visual Studio 2015\Projects\Project1\Release\Project1.exe
     1>Done Building Project "C:\Users\gabri\Documents\Visual Studio 2015\Projects\Project1\Project1\Project1.vcxproj" (Build target(s)).

Build succeeded.

Time Elapsed 00:00:00.44
